Arguments: 
  C:\Program Files\nodejs\node.exe C:\Program Files (x86)\Yarn\bin\yarn.js add react-native-elements@1.0.0

PATH: 
  C:\windows\system32;C:\windows;C:\windows\System32\Wbem;C:\windows\System32\WindowsPowerShell\v1.0\;C:\windows\System32\OpenSSH\;C:\Program Files\Git\cmd;C:\Program Files\nodejs\;C:\Program Files (x86)\Yarn\bin\;C:\Users\erico\AppData\Local\Android\Sdk\platform-tools;C:\Users\erico\AppData\Local\Microsoft\WindowsApps;;C:\Users\erico\AppData\Local\Programs\Microsoft VS Code\bin;C:\Users\erico\AppData\Roaming\npm;C:\Users\erico\AppData\Local\Yarn\bin

Yarn version: 
  1.16.0

Node version: 
  10.15.3

Platform: 
  win32 x64

Trace: 
  Error: EPERM: operation not permitted, unlink 'C:\Users\erico\Desktop\NucampFolder\4-React-Native\confusion\node_modules\@react-native-community\cli\node_modules\node-fetch\lib'

npm manifest: 
  {
    "main": "node_modules/expo/AppEntry.js",
    "scripts": {
      "start": "expo start",
      "android": "expo start --android",
      "ios": "expo start --ios",
      "web": "expo start --web",
      "eject": "expo eject"
    },
    "dependencies": {
      "expo": "^33.0.0",
      "react": "16.8.3",
      "react-dom": "^16.8.6",
      "react-native": "https://github.com/expo/react-native/archive/sdk-33.0.0.tar.gz",
      "react-native-web": "^0.11.4"
    },
    "devDependencies": {
      "babel-preset-expo": "^5.1.1"
    },
    "private": true
  }

yarn manifest: 
  No manifest

Lockfile: 
  No lockfile
